Defaulting to user installation because normal site-packages is not writeable
Obtaining file:///home/mileslilly2/abstract-data-pipeline-1/plugins/adp_plugins_ice
  Installing build dependencies: started
  Installing build dependencies: finished with status 'done'
  Checking if build backend supports build_editable: started
  Checking if build backend supports build_editable: finished with status 'done'
  Getting requirements to build editable: started
  Getting requirements to build editable: finished with status 'error'
  error: subprocess-exited-with-error
  
  × Getting requirements to build editable did not run successfully.
  │ exit code: 1
  ╰─> [67 lines of output]
      configuration error: `project.entry-points.adp.plugins.ice` must be string
      DESCRIPTION:
          Reference to a Python object. It is either in the form
          ``importable.module``, or ``importable.module:object.attr``.
      
      GIVEN VALUE:
          {
              "download_zip": "adp.plugins.ice:DownloadIceZip",
              "local_files": "adp.plugins.ice:LocalExcelFiles",
              "detect_headers": "adp.plugins.ice:DetectHeaderAndRead",
              "csv_sink": "adp.plugins.ice:CsvSink",
              "states_shapefile": "adp.plugins.ice:DownloadStatesShapefile",
              "ts_arrests": "adp.plugins.ice:TimeSeriesArrests",
              "choropleth": "adp.plugins.ice:DetentionsChoropleth",
              "feature_importance": "adp.plugins.ice:FeatureImportanceRemoval",
              "pipeline_events": "adp.plugins.ice:PipelineEventsSample",
              "pipeline_events_merged": "adp.plugins.ice:PipelineEventsMerged"
          }
      
      OFFENDING RULE: 'type'
      
      DEFINITION:
          {
              "type": "string",
              "format": "python-entrypoint-reference",
              "$comment": "https://packaging.python.org/specifications/entry-points/"
          }
      
      For more details about `format` see
      https://validate-pyproject.readthedocs.io/en/latest/api/validate_pyproject.formats.html
      
      Traceback (most recent call last):
        File "/home/mileslilly2/.local/lib/python3.12/site-packages/pip/_vendor/pyproject_hooks/_in_process/_in_process.py", line 389, in <module>
          main()
        File "/home/mileslilly2/.local/lib/python3.12/site-packages/pip/_vendor/pyproject_hooks/_in_process/_in_process.py", line 373, in main
          json_out["return_val"] = hook(**hook_input["kwargs"])
                                   ^^^^^^^^^^^^^^^^^^^^^^^^^^^^
        File "/home/mileslilly2/.local/lib/python3.12/site-packages/pip/_vendor/pyproject_hooks/_in_process/_in_process.py", line 157, in get_requires_for_build_editable
          return hook(config_settings)
                 ^^^^^^^^^^^^^^^^^^^^^
        File "/tmp/pip-build-env-ibkwfz2a/overlay/local/lib/python3.12/dist-packages/setuptools/build_meta.py", line 473, in get_requires_for_build_editable
          return self.get_requires_for_build_wheel(config_settings)
                 ^^^^^^^^^^^^^^^^^^^^^^^^^^^^^^^^^^^^^^^^^^^^^^^^^^
        File "/tmp/pip-build-env-ibkwfz2a/overlay/local/lib/python3.12/dist-packages/setuptools/build_meta.py", line 331, in get_requires_for_build_wheel
          return self._get_build_requires(config_settings, requirements=[])
                 ^^^^^^^^^^^^^^^^^^^^^^^^^^^^^^^^^^^^^^^^^^^^^^^^^^^^^^^^^^
        File "/tmp/pip-build-env-ibkwfz2a/overlay/local/lib/python3.12/dist-packages/setuptools/build_meta.py", line 301, in _get_build_requires
          self.run_setup()
        File "/tmp/pip-build-env-ibkwfz2a/overlay/local/lib/python3.12/dist-packages/setuptools/build_meta.py", line 317, in run_setup
          exec(code, locals())
        File "<string>", line 1, in <module>
        File "/tmp/pip-build-env-ibkwfz2a/overlay/local/lib/python3.12/dist-packages/setuptools/__init__.py", line 115, in setup
          return distutils.core.setup(**attrs)
                 ^^^^^^^^^^^^^^^^^^^^^^^^^^^^^
        File "/tmp/pip-build-env-ibkwfz2a/overlay/local/lib/python3.12/dist-packages/setuptools/_distutils/core.py", line 160, in setup
          dist.parse_config_files()
        File "/tmp/pip-build-env-ibkwfz2a/overlay/local/lib/python3.12/dist-packages/setuptools/dist.py", line 756, in parse_config_files
          pyprojecttoml.apply_configuration(self, filename, ignore_option_errors)
        File "/tmp/pip-build-env-ibkwfz2a/overlay/local/lib/python3.12/dist-packages/setuptools/config/pyprojecttoml.py", line 72, in apply_configuration
          config = read_configuration(filepath, True, ignore_option_errors, dist)
                   ^^^^^^^^^^^^^^^^^^^^^^^^^^^^^^^^^^^^^^^^^^^^^^^^^^^^^^^^^^^^^^
        File "/tmp/pip-build-env-ibkwfz2a/overlay/local/lib/python3.12/dist-packages/setuptools/config/pyprojecttoml.py", line 140, in read_configuration
          validate(subset, filepath)
        File "/tmp/pip-build-env-ibkwfz2a/overlay/local/lib/python3.12/dist-packages/setuptools/config/pyprojecttoml.py", line 61, in validate
          raise ValueError(f"{error}\n{summary}") from None
      ValueError: invalid pyproject.toml config: `project.entry-points.adp.plugins.ice`.
      configuration error: `project.entry-points.adp.plugins.ice` must be string
      [end of output]
  
  note: This error originates from a subprocess, and is likely not a problem with pip.
error: subprocess-exited-with-error

× Getting requirements to build editable did not run successfully.
│ exit code: 1
╰─> See above for output.

note: This error originates from a subprocess, and is likely not a problem with pip.
